<?xml version="1.0" encoding="UTF-8"?>
<testsuite xmlns:xsi="http://www.w3.org/2001/XMLSchema-instance" xsi:noNamespaceSchemaLocation="https://maven.apache.org/surefire/maven-surefire-plugin/xsd/surefire-test-report.xsd" name="TestSuite" time="24.279" tests="1" errors="0" skipped="0" failures="0">
  <properties>
    <property name="sun.desktop" value="windows"/>
    <property name="awt.toolkit" value="sun.awt.windows.WToolkit"/>
    <property name="java.specification.version" value="11"/>
    <property name="sun.cpu.isalist" value="amd64"/>
    <property name="sun.jnu.encoding" value="Cp1252"/>
    <property name="java.class.path" value="C:\Users\cosmi\eclipse-workspace\com.nexttechmetanew\target\test-classes;C:\Users\cosmi\eclipse-workspace\com.nexttechmetanew\target\classes;C:\Users\cosmi\.m2\repository\info\cukes\cucumber-java\1.2.5\cucumber-java-1.2.5.jar;C:\Users\cosmi\.m2\repository\info\cukes\cucumber-core\1.2.5\cucumber-core-1.2.5.jar;C:\Users\cosmi\.m2\repository\info\cukes\cucumber-html\0.2.3\cucumber-html-0.2.3.jar;C:\Users\cosmi\.m2\repository\org\seleniumhq\selenium\selenium-java\4.7.1\selenium-java-4.7.1.jar;C:\Users\cosmi\.m2\repository\org\seleniumhq\selenium\selenium-api\4.7.1\selenium-api-4.7.1.jar;C:\Users\cosmi\.m2\repository\org\seleniumhq\selenium\selenium-chrome-driver\4.7.1\selenium-chrome-driver-4.7.1.jar;C:\Users\cosmi\.m2\repository\com\google\auto\service\auto-service-annotations\1.0.1\auto-service-annotations-1.0.1.jar;C:\Users\cosmi\.m2\repository\com\google\auto\service\auto-service\1.0.1\auto-service-1.0.1.jar;C:\Users\cosmi\.m2\repository\com\google\auto\auto-common\1.2\auto-common-1.2.jar;C:\Users\cosmi\.m2\repository\com\google\guava\guava\31.1-jre\guava-31.1-jre.jar;C:\Users\cosmi\.m2\repository\com\google\guava\failureaccess\1.0.1\failureaccess-1.0.1.jar;C:\Users\cosmi\.m2\repository\com\google\guava\listenablefuture\9999.0-empty-to-avoid-conflict-with-guava\listenablefuture-9999.0-empty-to-avoid-conflict-with-guava.jar;C:\Users\cosmi\.m2\repository\org\checkerframework\checker-qual\3.12.0\checker-qual-3.12.0.jar;C:\Users\cosmi\.m2\repository\com\google\errorprone\error_prone_annotations\2.11.0\error_prone_annotations-2.11.0.jar;C:\Users\cosmi\.m2\repository\com\google\j2objc\j2objc-annotations\1.3\j2objc-annotations-1.3.jar;C:\Users\cosmi\.m2\repository\org\seleniumhq\selenium\selenium-chromium-driver\4.7.1\selenium-chromium-driver-4.7.1.jar;C:\Users\cosmi\.m2\repository\org\seleniumhq\selenium\selenium-json\4.7.1\selenium-json-4.7.1.jar;C:\Users\cosmi\.m2\repository\org\seleniumhq\selenium\selenium-devtools-v106\4.7.1\selenium-devtools-v106-4.7.1.jar;C:\Users\cosmi\.m2\repository\org\seleniumhq\selenium\selenium-devtools-v107\4.7.1\selenium-devtools-v107-4.7.1.jar;C:\Users\cosmi\.m2\repository\org\seleniumhq\selenium\selenium-devtools-v108\4.7.1\selenium-devtools-v108-4.7.1.jar;C:\Users\cosmi\.m2\repository\org\seleniumhq\selenium\selenium-devtools-v85\4.7.1\selenium-devtools-v85-4.7.1.jar;C:\Users\cosmi\.m2\repository\org\seleniumhq\selenium\selenium-edge-driver\4.7.1\selenium-edge-driver-4.7.1.jar;C:\Users\cosmi\.m2\repository\org\seleniumhq\selenium\selenium-firefox-driver\4.7.1\selenium-firefox-driver-4.7.1.jar;C:\Users\cosmi\.m2\repository\org\seleniumhq\selenium\selenium-http\4.7.1\selenium-http-4.7.1.jar;C:\Users\cosmi\.m2\repository\dev\failsafe\failsafe\3.3.0\failsafe-3.3.0.jar;C:\Users\cosmi\.m2\repository\org\seleniumhq\selenium\selenium-ie-driver\4.7.1\selenium-ie-driver-4.7.1.jar;C:\Users\cosmi\.m2\repository\org\seleniumhq\selenium\selenium-remote-driver\4.7.1\selenium-remote-driver-4.7.1.jar;C:\Users\cosmi\.m2\repository\io\netty\netty-buffer\4.1.84.Final\netty-buffer-4.1.84.Final.jar;C:\Users\cosmi\.m2\repository\io\netty\netty-codec-http\4.1.84.Final\netty-codec-http-4.1.84.Final.jar;C:\Users\cosmi\.m2\repository\io\netty\netty-codec\4.1.84.Final\netty-codec-4.1.84.Final.jar;C:\Users\cosmi\.m2\repository\io\netty\netty-handler\4.1.84.Final\netty-handler-4.1.84.Final.jar;C:\Users\cosmi\.m2\repository\io\netty\netty-common\4.1.84.Final\netty-common-4.1.84.Final.jar;C:\Users\cosmi\.m2\repository\io\netty\netty-transport-classes-epoll\4.1.84.Final\netty-transport-classes-epoll-4.1.84.Final.jar;C:\Users\cosmi\.m2\repository\io\netty\netty-transport-classes-kqueue\4.1.84.Final\netty-transport-classes-kqueue-4.1.84.Final.jar;C:\Users\cosmi\.m2\repository\io\netty\netty-transport-native-epoll\4.1.84.Final\netty-transport-native-epoll-4.1.84.Final.jar;C:\Users\cosmi\.m2\repository\io\netty\netty-transport-native-kqueue\4.1.84.Final\netty-transport-native-kqueue-4.1.84.Final.jar;C:\Users\cosmi\.m2\repository\io\netty\netty-transport-native-unix-common\4.1.84.Final\netty-transport-native-unix-common-4.1.84.Final.jar;C:\Users\cosmi\.m2\repository\io\netty\netty-transport\4.1.84.Final\netty-transport-4.1.84.Final.jar;C:\Users\cosmi\.m2\repository\io\netty\netty-resolver\4.1.84.Final\netty-resolver-4.1.84.Final.jar;C:\Users\cosmi\.m2\repository\io\opentelemetry\opentelemetry-api\1.19.0\opentelemetry-api-1.19.0.jar;C:\Users\cosmi\.m2\repository\io\opentelemetry\opentelemetry-context\1.19.0\opentelemetry-context-1.19.0.jar;C:\Users\cosmi\.m2\repository\io\opentelemetry\opentelemetry-exporter-logging\1.19.0\opentelemetry-exporter-logging-1.19.0.jar;C:\Users\cosmi\.m2\repository\io\opentelemetry\opentelemetry-sdk-metrics\1.19.0\opentelemetry-sdk-metrics-1.19.0.jar;C:\Users\cosmi\.m2\repository\io\opentelemetry\opentelemetry-sdk-logs\1.19.0-alpha\opentelemetry-sdk-logs-1.19.0-alpha.jar;C:\Users\cosmi\.m2\repository\io\opentelemetry\opentelemetry-api-logs\1.19.0-alpha\opentelemetry-api-logs-1.19.0-alpha.jar;C:\Users\cosmi\.m2\repository\io\opentelemetry\opentelemetry-sdk-common\1.19.0\opentelemetry-sdk-common-1.19.0.jar;C:\Users\cosmi\.m2\repository\io\opentelemetry\opentelemetry-sdk-extension-autoconfigure-spi\1.19.0\opentelemetry-sdk-extension-autoconfigure-spi-1.19.0.jar;C:\Users\cosmi\.m2\repository\io\opentelemetry\opentelemetry-sdk-extension-autoconfigure\1.19.0-alpha\opentelemetry-sdk-extension-autoconfigure-1.19.0-alpha.jar;C:\Users\cosmi\.m2\repository\io\opentelemetry\opentelemetry-exporter-common\1.19.0\opentelemetry-exporter-common-1.19.0.jar;C:\Users\cosmi\.m2\repository\io\opentelemetry\opentelemetry-sdk-trace\1.19.0\opentelemetry-sdk-trace-1.19.0.jar;C:\Users\cosmi\.m2\repository\io\opentelemetry\opentelemetry-sdk\1.19.0\opentelemetry-sdk-1.19.0.jar;C:\Users\cosmi\.m2\repository\io\opentelemetry\opentelemetry-semconv\1.19.0-alpha\opentelemetry-semconv-1.19.0-alpha.jar;C:\Users\cosmi\.m2\repository\io\ous\jtoml\2.0.0\jtoml-2.0.0.jar;C:\Users\cosmi\.m2\repository\net\bytebuddy\byte-buddy\1.12.18\byte-buddy-1.12.18.jar;C:\Users\cosmi\.m2\repository\org\apache\commons\commons-exec\1.3\commons-exec-1.3.jar;C:\Users\cosmi\.m2\repository\org\asynchttpclient\async-http-client\2.12.3\async-http-client-2.12.3.jar;C:\Users\cosmi\.m2\repository\org\asynchttpclient\async-http-client-netty-utils\2.12.3\async-http-client-netty-utils-2.12.3.jar;C:\Users\cosmi\.m2\repository\io\netty\netty-codec-socks\4.1.60.Final\netty-codec-socks-4.1.60.Final.jar;C:\Users\cosmi\.m2\repository\io\netty\netty-handler-proxy\4.1.60.Final\netty-handler-proxy-4.1.60.Final.jar;C:\Users\cosmi\.m2\repository\io\netty\netty-transport-native-epoll\4.1.60.Final\netty-transport-native-epoll-4.1.60.Final-linux-x86_64.jar;C:\Users\cosmi\.m2\repository\io\netty\netty-transport-native-kqueue\4.1.60.Final\netty-transport-native-kqueue-4.1.60.Final-osx-x86_64.jar;C:\Users\cosmi\.m2\repository\org\reactivestreams\reactive-streams\1.0.3\reactive-streams-1.0.3.jar;C:\Users\cosmi\.m2\repository\com\typesafe\netty\netty-reactive-streams\2.0.4\netty-reactive-streams-2.0.4.jar;C:\Users\cosmi\.m2\repository\com\sun\activation\jakarta.activation\1.2.2\jakarta.activation-1.2.2.jar;C:\Users\cosmi\.m2\repository\org\seleniumhq\selenium\selenium-manager\4.7.1\selenium-manager-4.7.1.jar;C:\Users\cosmi\.m2\repository\org\seleniumhq\selenium\selenium-safari-driver\4.7.1\selenium-safari-driver-4.7.1.jar;C:\Users\cosmi\.m2\repository\org\seleniumhq\selenium\selenium-support\4.7.1\selenium-support-4.7.1.jar;C:\Users\cosmi\.m2\repository\info\cukes\cucumber-picocontainer\1.2.5\cucumber-picocontainer-1.2.5.jar;C:\Users\cosmi\.m2\repository\info\cukes\cucumber-jvm-deps\1.0.5\cucumber-jvm-deps-1.0.5.jar;C:\Users\cosmi\.m2\repository\info\cukes\gherkin\2.12.2\gherkin-2.12.2.jar;C:\Users\cosmi\.m2\repository\org\picocontainer\picocontainer\2.15\picocontainer-2.15.jar;C:\Users\cosmi\.m2\repository\info\cukes\cucumber-testng\1.2.5\cucumber-testng-1.2.5.jar;C:\Users\cosmi\.m2\repository\org\testng\testng\7.6.1\testng-7.6.1.jar;C:\Users\cosmi\.m2\repository\com\google\code\findbugs\jsr305\3.0.2\jsr305-3.0.2.jar;C:\Users\cosmi\.m2\repository\org\slf4j\slf4j-api\1.7.36\slf4j-api-1.7.36.jar;C:\Users\cosmi\.m2\repository\com\beust\jcommander\1.82\jcommander-1.82.jar;C:\Users\cosmi\.m2\repository\org\webjars\jquery\3.6.0\jquery-3.6.0.jar;C:\Users\cosmi\.m2\repository\org\apache\poi\poi\3.16-beta2\poi-3.16-beta2.jar;C:\Users\cosmi\.m2\repository\commons-codec\commons-codec\1.10\commons-codec-1.10.jar;C:\Users\cosmi\.m2\repository\org\apache\commons\commons-collections4\4.1\commons-collections4-4.1.jar;C:\Users\cosmi\.m2\repository\org\apache\poi\poi-ooxml-schemas\3.9\poi-ooxml-schemas-3.9.jar;C:\Users\cosmi\.m2\repository\org\apache\xmlbeans\xmlbeans\2.3.0\xmlbeans-2.3.0.jar;C:\Users\cosmi\.m2\repository\stax\stax-api\1.0.1\stax-api-1.0.1.jar;C:\Users\cosmi\.m2\repository\org\apache\poi\poi-scratchpad\3.9\poi-scratchpad-3.9.jar;C:\Users\cosmi\.m2\repository\org\apache\poi\ooxml-schemas\1.1\ooxml-schemas-1.1.jar;C:\Users\cosmi\.m2\repository\org\apache\poi\openxml4j\1.0-beta\openxml4j-1.0-beta.jar;C:\Users\cosmi\.m2\repository\dom4j\dom4j\1.6.1\dom4j-1.6.1.jar;C:\Users\cosmi\.m2\repository\xml-apis\xml-apis\1.0.b2\xml-apis-1.0.b2.jar;C:\Users\cosmi\.m2\repository\org\apache\poi\poi-ooxml\3.9\poi-ooxml-3.9.jar;C:\Users\cosmi\.m2\repository\com\relevantcodes\extentreports\2.41.2\extentreports-2.41.2.jar;C:\Users\cosmi\.m2\repository\org\jsoup\jsoup\1.8.3\jsoup-1.8.3.jar;C:\Users\cosmi\.m2\repository\org\xerial\sqlite-jdbc\3.8.11.1\sqlite-jdbc-3.8.11.1.jar;C:\Users\cosmi\.m2\repository\org\freemarker\freemarker\2.3.23\freemarker-2.3.23.jar;C:\Users\cosmi\.m2\repository\org\mongodb\mongodb-driver\3.0.4\mongodb-driver-3.0.4.jar;C:\Users\cosmi\.m2\repository\org\mongodb\bson\3.0.4\bson-3.0.4.jar;C:\Users\cosmi\.m2\repository\org\mongodb\mongodb-driver-core\3.0.4\mongodb-driver-core-3.0.4.jar;C:\Users\cosmi\.m2\repository\commons-io\commons-io\2.6\commons-io-2.6.jar;C:\Users\cosmi\.m2\repository\log4j\log4j\1.2.17\log4j-1.2.17.jar;C:\Users\cosmi\.m2\repository\org\apache\maven\surefire\surefire-testng-utils\2.22.0\surefire-testng-utils-2.22.0.jar;C:\Users\cosmi\.m2\repository\org\apache\maven\surefire\surefire-grouper\2.22.0\surefire-grouper-2.22.0.jar;"/>
    <property name="java.vm.vendor" value="Oracle Corporation"/>
    <property name="sun.arch.data.model" value="64"/>
    <property name="user.variant" value=""/>
    <property name="java.vendor.url" value="https://openjdk.java.net/"/>
    <property name="user.timezone" value="America/New_York"/>
    <property name="java.vm.specification.version" value="11"/>
    <property name="os.name" value="Windows 11"/>
    <property name="sun.java.launcher" value="SUN_STANDARD"/>
    <property name="user.country" value="US"/>
    <property name="sun.boot.library.path" value="C:\Program Files\Java\jdk-11.0.16.1\bin"/>
    <property name="sun.java.command" value="C:\Users\cosmi\AppData\Local\Temp\surefire10662609850076817841\surefirebooter8481131812861546473.jar C:\Users\cosmi\AppData\Local\Temp\surefire10662609850076817841 2023-01-09T20-45-10_759-jvmRun1 surefire7099469263390212842tmp surefire_05857866024511958592tmp"/>
    <property name="jdk.debug" value="release"/>
    <property name="surefire.test.class.path" value="C:\Users\cosmi\eclipse-workspace\com.nexttechmetanew\target\test-classes;C:\Users\cosmi\eclipse-workspace\com.nexttechmetanew\target\classes;C:\Users\cosmi\.m2\repository\info\cukes\cucumber-java\1.2.5\cucumber-java-1.2.5.jar;C:\Users\cosmi\.m2\repository\info\cukes\cucumber-core\1.2.5\cucumber-core-1.2.5.jar;C:\Users\cosmi\.m2\repository\info\cukes\cucumber-html\0.2.3\cucumber-html-0.2.3.jar;C:\Users\cosmi\.m2\repository\org\seleniumhq\selenium\selenium-java\4.7.1\selenium-java-4.7.1.jar;C:\Users\cosmi\.m2\repository\org\seleniumhq\selenium\selenium-api\4.7.1\selenium-api-4.7.1.jar;C:\Users\cosmi\.m2\repository\org\seleniumhq\selenium\selenium-chrome-driver\4.7.1\selenium-chrome-driver-4.7.1.jar;C:\Users\cosmi\.m2\repository\com\google\auto\service\auto-service-annotations\1.0.1\auto-service-annotations-1.0.1.jar;C:\Users\cosmi\.m2\repository\com\google\auto\service\auto-service\1.0.1\auto-service-1.0.1.jar;C:\Users\cosmi\.m2\repository\com\google\auto\auto-common\1.2\auto-common-1.2.jar;C:\Users\cosmi\.m2\repository\com\google\guava\guava\31.1-jre\guava-31.1-jre.jar;C:\Users\cosmi\.m2\repository\com\google\guava\failureaccess\1.0.1\failureaccess-1.0.1.jar;C:\Users\cosmi\.m2\repository\com\google\guava\listenablefuture\9999.0-empty-to-avoid-conflict-with-guava\listenablefuture-9999.0-empty-to-avoid-conflict-with-guava.jar;C:\Users\cosmi\.m2\repository\org\checkerframework\checker-qual\3.12.0\checker-qual-3.12.0.jar;C:\Users\cosmi\.m2\repository\com\google\errorprone\error_prone_annotations\2.11.0\error_prone_annotations-2.11.0.jar;C:\Users\cosmi\.m2\repository\com\google\j2objc\j2objc-annotations\1.3\j2objc-annotations-1.3.jar;C:\Users\cosmi\.m2\repository\org\seleniumhq\selenium\selenium-chromium-driver\4.7.1\selenium-chromium-driver-4.7.1.jar;C:\Users\cosmi\.m2\repository\org\seleniumhq\selenium\selenium-json\4.7.1\selenium-json-4.7.1.jar;C:\Users\cosmi\.m2\repository\org\seleniumhq\selenium\selenium-devtools-v106\4.7.1\selenium-devtools-v106-4.7.1.jar;C:\Users\cosmi\.m2\repository\org\seleniumhq\selenium\selenium-devtools-v107\4.7.1\selenium-devtools-v107-4.7.1.jar;C:\Users\cosmi\.m2\repository\org\seleniumhq\selenium\selenium-devtools-v108\4.7.1\selenium-devtools-v108-4.7.1.jar;C:\Users\cosmi\.m2\repository\org\seleniumhq\selenium\selenium-devtools-v85\4.7.1\selenium-devtools-v85-4.7.1.jar;C:\Users\cosmi\.m2\repository\org\seleniumhq\selenium\selenium-edge-driver\4.7.1\selenium-edge-driver-4.7.1.jar;C:\Users\cosmi\.m2\repository\org\seleniumhq\selenium\selenium-firefox-driver\4.7.1\selenium-firefox-driver-4.7.1.jar;C:\Users\cosmi\.m2\repository\org\seleniumhq\selenium\selenium-http\4.7.1\selenium-http-4.7.1.jar;C:\Users\cosmi\.m2\repository\dev\failsafe\failsafe\3.3.0\failsafe-3.3.0.jar;C:\Users\cosmi\.m2\repository\org\seleniumhq\selenium\selenium-ie-driver\4.7.1\selenium-ie-driver-4.7.1.jar;C:\Users\cosmi\.m2\repository\org\seleniumhq\selenium\selenium-remote-driver\4.7.1\selenium-remote-driver-4.7.1.jar;C:\Users\cosmi\.m2\repository\io\netty\netty-buffer\4.1.84.Final\netty-buffer-4.1.84.Final.jar;C:\Users\cosmi\.m2\repository\io\netty\netty-codec-http\4.1.84.Final\netty-codec-http-4.1.84.Final.jar;C:\Users\cosmi\.m2\repository\io\netty\netty-codec\4.1.84.Final\netty-codec-4.1.84.Final.jar;C:\Users\cosmi\.m2\repository\io\netty\netty-handler\4.1.84.Final\netty-handler-4.1.84.Final.jar;C:\Users\cosmi\.m2\repository\io\netty\netty-common\4.1.84.Final\netty-common-4.1.84.Final.jar;C:\Users\cosmi\.m2\repository\io\netty\netty-transport-classes-epoll\4.1.84.Final\netty-transport-classes-epoll-4.1.84.Final.jar;C:\Users\cosmi\.m2\repository\io\netty\netty-transport-classes-kqueue\4.1.84.Final\netty-transport-classes-kqueue-4.1.84.Final.jar;C:\Users\cosmi\.m2\repository\io\netty\netty-transport-native-epoll\4.1.84.Final\netty-transport-native-epoll-4.1.84.Final.jar;C:\Users\cosmi\.m2\repository\io\netty\netty-transport-native-kqueue\4.1.84.Final\netty-transport-native-kqueue-4.1.84.Final.jar;C:\Users\cosmi\.m2\repository\io\netty\netty-transport-native-unix-common\4.1.84.Final\netty-transport-native-unix-common-4.1.84.Final.jar;C:\Users\cosmi\.m2\repository\io\netty\netty-transport\4.1.84.Final\netty-transport-4.1.84.Final.jar;C:\Users\cosmi\.m2\repository\io\netty\netty-resolver\4.1.84.Final\netty-resolver-4.1.84.Final.jar;C:\Users\cosmi\.m2\repository\io\opentelemetry\opentelemetry-api\1.19.0\opentelemetry-api-1.19.0.jar;C:\Users\cosmi\.m2\repository\io\opentelemetry\opentelemetry-context\1.19.0\opentelemetry-context-1.19.0.jar;C:\Users\cosmi\.m2\repository\io\opentelemetry\opentelemetry-exporter-logging\1.19.0\opentelemetry-exporter-logging-1.19.0.jar;C:\Users\cosmi\.m2\repository\io\opentelemetry\opentelemetry-sdk-metrics\1.19.0\opentelemetry-sdk-metrics-1.19.0.jar;C:\Users\cosmi\.m2\repository\io\opentelemetry\opentelemetry-sdk-logs\1.19.0-alpha\opentelemetry-sdk-logs-1.19.0-alpha.jar;C:\Users\cosmi\.m2\repository\io\opentelemetry\opentelemetry-api-logs\1.19.0-alpha\opentelemetry-api-logs-1.19.0-alpha.jar;C:\Users\cosmi\.m2\repository\io\opentelemetry\opentelemetry-sdk-common\1.19.0\opentelemetry-sdk-common-1.19.0.jar;C:\Users\cosmi\.m2\repository\io\opentelemetry\opentelemetry-sdk-extension-autoconfigure-spi\1.19.0\opentelemetry-sdk-extension-autoconfigure-spi-1.19.0.jar;C:\Users\cosmi\.m2\repository\io\opentelemetry\opentelemetry-sdk-extension-autoconfigure\1.19.0-alpha\opentelemetry-sdk-extension-autoconfigure-1.19.0-alpha.jar;C:\Users\cosmi\.m2\repository\io\opentelemetry\opentelemetry-exporter-common\1.19.0\opentelemetry-exporter-common-1.19.0.jar;C:\Users\cosmi\.m2\repository\io\opentelemetry\opentelemetry-sdk-trace\1.19.0\opentelemetry-sdk-trace-1.19.0.jar;C:\Users\cosmi\.m2\repository\io\opentelemetry\opentelemetry-sdk\1.19.0\opentelemetry-sdk-1.19.0.jar;C:\Users\cosmi\.m2\repository\io\opentelemetry\opentelemetry-semconv\1.19.0-alpha\opentelemetry-semconv-1.19.0-alpha.jar;C:\Users\cosmi\.m2\repository\io\ous\jtoml\2.0.0\jtoml-2.0.0.jar;C:\Users\cosmi\.m2\repository\net\bytebuddy\byte-buddy\1.12.18\byte-buddy-1.12.18.jar;C:\Users\cosmi\.m2\repository\org\apache\commons\commons-exec\1.3\commons-exec-1.3.jar;C:\Users\cosmi\.m2\repository\org\asynchttpclient\async-http-client\2.12.3\async-http-client-2.12.3.jar;C:\Users\cosmi\.m2\repository\org\asynchttpclient\async-http-client-netty-utils\2.12.3\async-http-client-netty-utils-2.12.3.jar;C:\Users\cosmi\.m2\repository\io\netty\netty-codec-socks\4.1.60.Final\netty-codec-socks-4.1.60.Final.jar;C:\Users\cosmi\.m2\repository\io\netty\netty-handler-proxy\4.1.60.Final\netty-handler-proxy-4.1.60.Final.jar;C:\Users\cosmi\.m2\repository\io\netty\netty-transport-native-epoll\4.1.60.Final\netty-transport-native-epoll-4.1.60.Final-linux-x86_64.jar;C:\Users\cosmi\.m2\repository\io\netty\netty-transport-native-kqueue\4.1.60.Final\netty-transport-native-kqueue-4.1.60.Final-osx-x86_64.jar;C:\Users\cosmi\.m2\repository\org\reactivestreams\reactive-streams\1.0.3\reactive-streams-1.0.3.jar;C:\Users\cosmi\.m2\repository\com\typesafe\netty\netty-reactive-streams\2.0.4\netty-reactive-streams-2.0.4.jar;C:\Users\cosmi\.m2\repository\com\sun\activation\jakarta.activation\1.2.2\jakarta.activation-1.2.2.jar;C:\Users\cosmi\.m2\repository\org\seleniumhq\selenium\selenium-manager\4.7.1\selenium-manager-4.7.1.jar;C:\Users\cosmi\.m2\repository\org\seleniumhq\selenium\selenium-safari-driver\4.7.1\selenium-safari-driver-4.7.1.jar;C:\Users\cosmi\.m2\repository\org\seleniumhq\selenium\selenium-support\4.7.1\selenium-support-4.7.1.jar;C:\Users\cosmi\.m2\repository\info\cukes\cucumber-picocontainer\1.2.5\cucumber-picocontainer-1.2.5.jar;C:\Users\cosmi\.m2\repository\info\cukes\cucumber-jvm-deps\1.0.5\cucumber-jvm-deps-1.0.5.jar;C:\Users\cosmi\.m2\repository\info\cukes\gherkin\2.12.2\gherkin-2.12.2.jar;C:\Users\cosmi\.m2\repository\org\picocontainer\picocontainer\2.15\picocontainer-2.15.jar;C:\Users\cosmi\.m2\repository\info\cukes\cucumber-testng\1.2.5\cucumber-testng-1.2.5.jar;C:\Users\cosmi\.m2\repository\org\testng\testng\7.6.1\testng-7.6.1.jar;C:\Users\cosmi\.m2\repository\com\google\code\findbugs\jsr305\3.0.2\jsr305-3.0.2.jar;C:\Users\cosmi\.m2\repository\org\slf4j\slf4j-api\1.7.36\slf4j-api-1.7.36.jar;C:\Users\cosmi\.m2\repository\com\beust\jcommander\1.82\jcommander-1.82.jar;C:\Users\cosmi\.m2\repository\org\webjars\jquery\3.6.0\jquery-3.6.0.jar;C:\Users\cosmi\.m2\repository\org\apache\poi\poi\3.16-beta2\poi-3.16-beta2.jar;C:\Users\cosmi\.m2\repository\commons-codec\commons-codec\1.10\commons-codec-1.10.jar;C:\Users\cosmi\.m2\repository\org\apache\commons\commons-collections4\4.1\commons-collections4-4.1.jar;C:\Users\cosmi\.m2\repository\org\apache\poi\poi-ooxml-schemas\3.9\poi-ooxml-schemas-3.9.jar;C:\Users\cosmi\.m2\repository\org\apache\xmlbeans\xmlbeans\2.3.0\xmlbeans-2.3.0.jar;C:\Users\cosmi\.m2\repository\stax\stax-api\1.0.1\stax-api-1.0.1.jar;C:\Users\cosmi\.m2\repository\org\apache\poi\poi-scratchpad\3.9\poi-scratchpad-3.9.jar;C:\Users\cosmi\.m2\repository\org\apache\poi\ooxml-schemas\1.1\ooxml-schemas-1.1.jar;C:\Users\cosmi\.m2\repository\org\apache\poi\openxml4j\1.0-beta\openxml4j-1.0-beta.jar;C:\Users\cosmi\.m2\repository\dom4j\dom4j\1.6.1\dom4j-1.6.1.jar;C:\Users\cosmi\.m2\repository\xml-apis\xml-apis\1.0.b2\xml-apis-1.0.b2.jar;C:\Users\cosmi\.m2\repository\org\apache\poi\poi-ooxml\3.9\poi-ooxml-3.9.jar;C:\Users\cosmi\.m2\repository\com\relevantcodes\extentreports\2.41.2\extentreports-2.41.2.jar;C:\Users\cosmi\.m2\repository\org\jsoup\jsoup\1.8.3\jsoup-1.8.3.jar;C:\Users\cosmi\.m2\repository\org\xerial\sqlite-jdbc\3.8.11.1\sqlite-jdbc-3.8.11.1.jar;C:\Users\cosmi\.m2\repository\org\freemarker\freemarker\2.3.23\freemarker-2.3.23.jar;C:\Users\cosmi\.m2\repository\org\mongodb\mongodb-driver\3.0.4\mongodb-driver-3.0.4.jar;C:\Users\cosmi\.m2\repository\org\mongodb\bson\3.0.4\bson-3.0.4.jar;C:\Users\cosmi\.m2\repository\org\mongodb\mongodb-driver-core\3.0.4\mongodb-driver-core-3.0.4.jar;C:\Users\cosmi\.m2\repository\commons-io\commons-io\2.6\commons-io-2.6.jar;C:\Users\cosmi\.m2\repository\log4j\log4j\1.2.17\log4j-1.2.17.jar;C:\Users\cosmi\.m2\repository\org\apache\maven\surefire\surefire-testng-utils\2.22.0\surefire-testng-utils-2.22.0.jar;C:\Users\cosmi\.m2\repository\org\apache\maven\surefire\surefire-grouper\2.22.0\surefire-grouper-2.22.0.jar;"/>
    <property name="sun.cpu.endian" value="little"/>
    <property name="user.home" value="C:\Users\cosmi"/>
    <property name="user.language" value="en"/>
    <property name="java.specification.vendor" value="Oracle Corporation"/>
    <property name="java.version.date" value="2022-08-18"/>
    <property name="java.home" value="C:\Program Files\Java\jdk-11.0.16.1"/>
    <property name="file.separator" value="\"/>
    <property name="style.color" value="always"/>
    <property name="basedir" value="C:\Users\cosmi\eclipse-workspace\com.nexttechmetanew"/>
    <property name="java.vm.compressedOopsMode" value="32-bit"/>
    <property name="line.separator" value="&#10;"/>
    <property name="java.specification.name" value="Java Platform API Specification"/>
    <property name="java.vm.specification.vendor" value="Oracle Corporation"/>
    <property name="java.awt.graphicsenv" value="sun.awt.Win32GraphicsEnvironment"/>
    <property name="surefire.real.class.path" value="C:\Users\cosmi\AppData\Local\Temp\surefire10662609850076817841\surefirebooter8481131812861546473.jar"/>
    <property name="user.script" value=""/>
    <property name="sun.management.compiler" value="HotSpot 64-Bit Tiered Compilers"/>
    <property name="java.runtime.version" value="11.0.16.1+1-LTS-1"/>
    <property name="user.name" value="cosmi"/>
    <property name="path.separator" value=";"/>
    <property name="os.version" value="10.0"/>
    <property name="java.runtime.name" value="Java(TM) SE Runtime Environment"/>
    <property name="file.encoding" value="Cp1252"/>
    <property name="java.vm.name" value="Java HotSpot(TM) 64-Bit Server VM"/>
    <property name="java.vendor.version" value="18.9"/>
    <property name="localRepository" value="C:\Users\cosmi\.m2\repository"/>
    <property name="java.vendor.url.bug" value="https://bugreport.java.com/bugreport/"/>
    <property name="java.io.tmpdir" value="C:\Users\cosmi\AppData\Local\Temp\"/>
    <property name="java.version" value="11.0.16.1"/>
    <property name="user.dir" value="C:\Users\cosmi\eclipse-workspace\com.nexttechmetanew"/>
    <property name="os.arch" value="amd64"/>
    <property name="java.vm.specification.name" value="Java Virtual Machine Specification"/>
    <property name="java.awt.printerjob" value="sun.awt.windows.WPrinterJob"/>
    <property name="sun.os.patch.level" value=""/>
    <property name="java.library.path" value="C:\Program Files\Java\jdk-11.0.16.1\bin;C:\WINDOWS\Sun\Java\bin;C:\WINDOWS\system32;C:\WINDOWS;C:/Users/cosmi/.p2/pool/plugins/org.eclipse.justj.openjdk.hotspot.jre.full.win32.x86_64_17.0.4.v20220903-1038/jre/bin/server;C:/Users/cosmi/.p2/pool/plugins/org.eclipse.justj.openjdk.hotspot.jre.full.win32.x86_64_17.0.4.v20220903-1038/jre/bin;C:\Program Files\Common Files\Oracle\Java\javapath;C:\Program Files (x86)\VMware\VMware Workstation\bin\;C:\WINDOWS\system32;C:\WINDOWS;C:\WINDOWS\System32\Wbem;C:\WINDOWS\System32\WindowsPowerShell\v1.0\;C:\WINDOWS\System32\OpenSSH\;C:\apache-maven-3.8.6\bin;C:\Program Files\Java\jdk-11.0.16.1\bin;C:\Users\cosmi\AppData\Local\Microsoft\WindowsApps;;C:\Users\cosmi\eclipse\java-2022-09\eclipse;;."/>
    <property name="java.vendor" value="Oracle Corporation"/>
    <property name="java.vm.info" value="mixed mode"/>
    <property name="java.vm.version" value="11.0.16.1+1-LTS-1"/>
    <property name="sun.io.unicode.encoding" value="UnicodeLittle"/>
    <property name="java.class.version" value="55.0"/>
  </properties>
  <testcase name="feature" classname="TestRunnerRaz.TestRunnerRaz" time="21.351"/>
</testsuite>