<?xml version="1.0" encoding="UTF-8"?>
<!-- Generated by org.testng.reporters.JUnitReportReporter -->
<testsuite hostname="razaur" failures="0" tests="1" name="TestRunnerRaz.TestRunnerRaz" time="12.797" errors="0" timestamp="2023-01-10T20:30:59 EST" skipped="0">
  <testcase classname="TestRunnerRaz.TestRunnerRaz" name="feature" time="12.797"/>
  <system-out/>
</testsuite> <!-- TestRunnerRaz.TestRunnerRaz -->
