<?xml version="1.0" encoding="UTF-8"?>
<!-- Generated by org.testng.reporters.JUnitReportReporter -->
<testsuite hostname="razaur" failures="0" tests="1" name="TestRunnerRaz.TestRunnerRaz" time="21.352" errors="0" timestamp="2023-01-09T20:45:35 EST" skipped="0">
  <testcase classname="TestRunnerRaz.TestRunnerRaz" name="feature" time="21.352"/>
  <system-out/>
</testsuite> <!-- TestRunnerRaz.TestRunnerRaz -->
